<?xml version="1.0" encoding="UTF-8"?>
<testsuite xmlns:xsi="http://www.w3.org/2001/XMLSchema-instance" xsi:noNamespaceSchemaLocation="https://maven.apache.org/surefire/maven-surefire-plugin/xsd/surefire-test-report-3.0.xsd" version="3.0" name="temperature.FileReportWriterTest" time="0.142" tests="4" errors="0" skipped="0" failures="0">
  <properties>
[...]
</properties>
  <testcase name="testWriteCreatesFile" classname="temperature.FileReportWriterTest" time="0.045"/>
  <testcase name="testWriteOverwritesExistingFile" classname="temperature.FileReportWriterTest" time="0.055"/>
  <testcase name="testWriteContentIsCorrect" classname="temperature.FileReportWriterTest" time="0.013"/>
  <testcase name="testWriteEmptyContent" classname="temperature.FileReportWriterTest" time="0.01"/>
</testsuite>